<?xml version="1.0" encoding="UTF-8"?>
<testng-results ignored="2" total="3" passed="1" failed="0" skipped="0">
  <reporter-output>
  </reporter-output>
  <suite started-at="2026-09-17T10:20:12 IST" name="Suite" finished-at="2026-09-17T10:21:58 IST" duration-ms="105842">
    <groups>
      <group name="SmokeTest">
        <method signature="CreateOrgTest.CreateOrgTest()[pri:0, instance:com.comcast.crm.orgTest.java.CreateOrgTest@7c6908d7]" name="CreateOrgTest" class="com.comcast.crm.orgTest.java.CreateOrgTest"/>
      </group> <!-- SmokeTest -->
    </groups>
    <test started-at="2026-09-17T10:20:12 IST" name="Test" finished-at="2026-09-17T10:21:58 IST" duration-ms="105842">
      <class name="com.comcast.crm.orgTest.java.CreateOrgTest">
        <test-method is-config="true" signature="ConfigureBs()[pri:0, instance:com.comcast.crm.orgTest.java.CreateOrgTest@7c6908d7]" started-at="2026-09-17T10:20:12 IST" name="ConfigureBs" finished-at="2026-09-17T10:20:12 IST" duration-ms="133" status="PASS">
          <reporter-output>
          </reporter-output>
        </test-method> <!-- ConfigureBs -->
        <test-method is-config="true" signature="ConfigureBc()[pri:0, instance:com.comcast.crm.orgTest.java.CreateOrgTest@7c6908d7]" started-at="2026-09-17T10:20:12 IST" name="ConfigureBc" finished-at="2026-09-17T10:20:19 IST" duration-ms="6514" status="PASS">
          <reporter-output>
          </reporter-output>
        </test-method> <!-- ConfigureBc -->
        <test-method is-config="true" signature="ConfigureBm()[pri:0, instance:com.comcast.crm.orgTest.java.CreateOrgTest@7c6908d7]" started-at="2026-09-17T10:20:19 IST" name="ConfigureBm" finished-at="2026-09-17T10:20:45 IST" duration-ms="25802" status="PASS">
          <reporter-output>
          </reporter-output>
        </test-method> <!-- ConfigureBm -->
        <test-method signature="CreateOrgTest()[pri:0, instance:com.comcast.crm.orgTest.java.CreateOrgTest@7c6908d7]" started-at="2026-09-17T10:20:45 IST" name="CreateOrgTest" finished-at="2026-09-17T10:21:52 IST" duration-ms="67127" status="PASS">
          <reporter-output>
          </reporter-output>
        </test-method> <!-- CreateOrgTest -->
        <test-method is-config="true" signature="ConfigureAm()[pri:0, instance:com.comcast.crm.orgTest.java.CreateOrgTest@7c6908d7]" started-at="2026-09-17T10:21:52 IST" name="ConfigureAm" finished-at="2026-09-17T10:21:57 IST" duration-ms="5400" status="PASS">
          <reporter-output>
          </reporter-output>
        </test-method> <!-- ConfigureAm -->
        <test-method is-config="true" signature="ConfigureAc()[pri:0, instance:com.comcast.crm.orgTest.java.CreateOrgTest@7c6908d7]" started-at="2026-09-17T10:21:57 IST" name="ConfigureAc" finished-at="2026-09-17T10:21:58 IST" duration-ms="570" status="PASS">
          <reporter-output>
          </reporter-output>
        </test-method> <!-- ConfigureAc -->
        <test-method is-config="true" signature="ConfigureAs()[pri:0, instance:com.comcast.crm.orgTest.java.CreateOrgTest@7c6908d7]" started-at="2026-09-17T10:21:58 IST" name="ConfigureAs" finished-at="2026-09-17T10:21:58 IST" duration-ms="462" status="PASS">
          <reporter-output>
          </reporter-output>
        </test-method> <!-- ConfigureAs -->
      </class> <!-- com.comcast.crm.orgTest.java.CreateOrgTest -->
    </test> <!-- Test -->
  </suite> <!-- Suite -->
</testng-results>
