<?xml version="1.0" encoding="UTF-8"?>
<!-- Generated by org.testng.reporters.JUnitXMLReporter -->
<testsuite ignored="2" hostname="DESKTOP-V2FCM4D" failures="0" tests="2" name="Test-2" time="148.672" errors="0" timestamp="2026-09-10T14:52:18 IST">
  <testcase classname="testNg_contact.CreateContactTest" name="createContactTest" time="55.436"/>
  <testcase classname="testNg_contact.ContactwithDate" name="createContactwithDate" time="9.074"/>
  <testcase classname="baseClass.BaseClass" name="@AfterSuite ConfigureAs" time="0.0">
    <ignored/>
  </testcase> <!-- @AfterSuite ConfigureAs -->
  <testcase classname="baseClass.BaseClass" name="@BeforeSuite ConfigureBs" time="0.0">
    <ignored/>
  </testcase> <!-- @BeforeSuite ConfigureBs -->
</testsuite> <!-- Test-2 -->
