<?xml version="1.0" encoding="UTF-8"?>
<!-- Generated by org.testng.reporters.JUnitXMLReporter -->
<testsuite ignored="2" hostname="DESKTOP-V2FCM4D" failures="0" tests="1" name="Test" time="105.842" errors="0" timestamp="2026-09-17T10:21:58 IST">
  <testcase classname="com.comcast.crm.orgTest.java.CreateOrgTest" name="CreateOrgTest" time="67.127"/>
  <testcase classname="com.comcast.crm.orgTest.java.CreateOrgTest" name="createOrgWithPhno" time="0.0">
    <ignored/>
  </testcase> <!-- createOrgWithPhno -->
  <testcase classname="com.comcast.crm.orgTest.java.CreateOrgTest" name="CreateOrgWithIndustry" time="0.0">
    <ignored/>
  </testcase> <!-- CreateOrgWithIndustry -->
</testsuite> <!-- Test -->
