<?xml version="1.0" encoding="UTF-8"?>
<!-- Generated by org.testng.reporters.JUnitXMLReporter -->
<testsuite ignored="2" hostname="DESKTOP-V2FCM4D" failures="0" tests="2" name="Test-1" time="189.639" errors="0" timestamp="2026-09-10T14:52:59 IST">
  <testcase classname="testNg_contact.CreateContactTest" name="createContactTest" time="34.271"/>
  <testcase classname="testNg_contact.ContactwithDate" name="createContactwithDate" time="13.274"/>
  <testcase classname="baseClass.BaseClass" name="@BeforeSuite ConfigureBs" time="0.0">
    <ignored/>
  </testcase> <!-- @BeforeSuite ConfigureBs -->
  <testcase classname="baseClass.BaseClass" name="@AfterSuite ConfigureAs" time="0.0">
    <ignored/>
  </testcase> <!-- @AfterSuite ConfigureAs -->
</testsuite> <!-- Test-1 -->
