<?xml version="1.0" encoding="UTF-8"?>
<!-- Generated by org.testng.reporters.JUnitXMLReporter -->
<testsuite ignored="0" hostname="DESKTOP-V2FCM4D" failures="0" tests="1" name="Testrunner=firefox" time="0.232" errors="0" timestamp="2026-09-10T14:46:31 IST">
  <testcase classname="baseClass.BaseClass" name="@BeforeClass ConfigureBc" time="-1.789031791672E9">
    <failure type="org.testng.TestNGException" message="
Parameter &amp;apos;Browser&amp;apos; is required by BeforeClass on method ConfigureBc but has not been marked @Optional or defined
in C:\Users\lenovo\eclipse-workspace\vigu\AdvanceSelenium\suiteCrossBrowsertestng.xml">
      <![CDATA[org.testng.TestNGException: 
Parameter 'Browser' is required by BeforeClass on method ConfigureBc but has not been marked @Optional or defined
in C:\Users\lenovo\eclipse-workspace\vigu\AdvanceSelenium\suiteCrossBrowsertestng.xml
at java.base/java.util.ArrayList.forEach(ArrayList.java:1511)
at java.base/java.util.concurrent.FutureTask.run(FutureTask.java:264)
at java.base/java.util.concurrent.ThreadPoolExecutor.runWorker(ThreadPoolExecutor.java:1136)
at java.base/java.util.concurrent.ThreadPoolExecutor$Worker.run(ThreadPoolExecutor.java:635)
at java.base/java.lang.Thread.run(Thread.java:842)
... Removed 12 stack frames]]>
    </failure>
  </testcase> <!-- @BeforeClass ConfigureBc -->
  <testcase classname="baseClass.BaseClass" name="@BeforeClass ConfigureBc" time="-1.789031791672E9">
    <failure type="org.testng.TestNGException" message="
Parameter &amp;apos;Browser&amp;apos; is required by BeforeClass on method ConfigureBc but has not been marked @Optional or defined
in C:\Users\lenovo\eclipse-workspace\vigu\AdvanceSelenium\suiteCrossBrowsertestng.xml">
      <![CDATA[org.testng.TestNGException: 
Parameter 'Browser' is required by BeforeClass on method ConfigureBc but has not been marked @Optional or defined
in C:\Users\lenovo\eclipse-workspace\vigu\AdvanceSelenium\suiteCrossBrowsertestng.xml
at java.base/java.util.ArrayList.forEach(ArrayList.java:1511)
at java.base/java.util.concurrent.FutureTask.run(FutureTask.java:264)
at java.base/java.util.concurrent.ThreadPoolExecutor.runWorker(ThreadPoolExecutor.java:1136)
at java.base/java.util.concurrent.ThreadPoolExecutor$Worker.run(ThreadPoolExecutor.java:635)
at java.base/java.lang.Thread.run(Thread.java:842)
... Removed 12 stack frames]]>
    </failure>
  </testcase> <!-- @BeforeClass ConfigureBc -->
  <testcase classname="baseClass.BaseClass" name="@BeforeMethod ConfigureBm" time="0.0">
    <skipped/>
  </testcase> <!-- @BeforeMethod ConfigureBm -->
  <testcase classname="baseClass.BaseClass" name="@BeforeMethod ConfigureBm" time="0.0">
    <skipped/>
  </testcase> <!-- @BeforeMethod ConfigureBm -->
  <testcase classname="baseClass.BaseClass" name="@AfterMethod ConfigureAm" time="0.0">
    <skipped/>
  </testcase> <!-- @AfterMethod ConfigureAm -->
  <testcase classname="baseClass.BaseClass" name="@AfterClass ConfigureAc" time="0.0">
    <skipped/>
  </testcase> <!-- @AfterClass ConfigureAc -->
  <testcase classname="baseClass.BaseClass" name="@AfterMethod ConfigureAm" time="0.0">
    <skipped/>
  </testcase> <!-- @AfterMethod ConfigureAm -->
  <testcase classname="baseClass.BaseClass" name="@AfterClass ConfigureAc" time="0.0">
    <skipped/>
  </testcase> <!-- @AfterClass ConfigureAc -->
  <testcase classname="testNg_org.CreateOrgWithPhnu" name="createOrgWithPhno" time="0.001">
    <skipped/>
  </testcase> <!-- createOrgWithPhno -->
</testsuite> <!-- Testrunner=firefox -->
