<?xml version="1.0" encoding="UTF-8"?>
<!-- Generated by org.testng.reporters.JUnitReportReporter -->
<testsuite hostname="DESKTOP-V2FCM4D" failures="0" tests="3" name="com.comcast.crm.contactTest.java.CreateContactTest" time="73.691" errors="0" timestamp="2026-09-10T21:53:50 IST" skipped="0">
  <testcase classname="com.comcast.crm.contactTest.java.CreateContactTest" name="createContactwithDate" time="17.599"/>
  <testcase classname="com.comcast.crm.contactTest.java.CreateContactTest" name="createContactWithorg" time="27.743"/>
  <testcase classname="com.comcast.crm.contactTest.java.CreateContactTest" name="createContactTest" time="28.349"/>
</testsuite> <!-- com.comcast.crm.contactTest.java.CreateContactTest -->
