<?xml version="1.0" encoding="UTF-8"?>
<!-- Generated by org.testng.reporters.JUnitReportReporter -->
<testsuite hostname="DESKTOP-V2FCM4D" failures="0" tests="3" name="learning.PriorityTest" time="0.025" errors="0" timestamp="2026-09-09T15:48:38 IST" skipped="0">
  <testcase classname="learning.PriorityTest" name="CreateContactTest" time="0.020"/>
  <testcase classname="learning.PriorityTest" name="ModifyContactTest" time="0.002"/>
  <testcase classname="learning.PriorityTest" name="DeleteContactTest" time="0.003"/>
</testsuite> <!-- learning.PriorityTest -->
