<?xml version="1.0" encoding="UTF-8"?>
<!-- Generated by org.testng.reporters.JUnitReportReporter -->
<testsuite hostname="DESKTOP-V2FCM4D" failures="0" tests="3" name="learning.GetProductInfoTest" time="175.395" errors="0" timestamp="2026-09-08T10:23:07 IST" skipped="0">
  <testcase classname="learning.GetProductInfoTest" name="getProductInfoTest" time="88.748"/>
  <testcase classname="learning.GetProductInfoTest" name="getProductInfoTest" time="37.492"/>
  <testcase classname="learning.GetProductInfoTest" name="getProductInfoTest" time="49.155"/>
</testsuite> <!-- learning.GetProductInfoTest -->
