<?xml version="1.0" encoding="UTF-8"?>
<!-- Generated by org.testng.reporters.JUnitReportReporter -->
<testsuite hostname="DESKTOP-V2FCM4D" failures="0" tests="3" name="learning.ReportwithSuite" time="0.033" errors="0" timestamp="2026-09-11T14:39:21 IST" skipped="0">
  <testcase classname="learning.ReportwithSuite" name="createContactTestwithorg" time="0.004"/>
  <testcase classname="learning.ReportwithSuite" name="createContactTest" time="0.021"/>
  <testcase classname="learning.ReportwithSuite" name="createContactTestwithnum" time="0.008"/>
</testsuite> <!-- learning.ReportwithSuite -->
