<?xml version="1.0" encoding="UTF-8"?>
<!-- Generated by org.testng.reporters.JUnitReportReporter -->
<testsuite hostname="DESKTOP-V2FCM4D" failures="0" tests="2" name="assertion.HomePageVerificationUsingHardAssert" time="62.315" errors="0" timestamp="2026-09-09T13:15:30 IST" skipped="0">
  <testcase classname="assertion.HomePageVerificationUsingHardAssert" name="homePageTest" time="30.681"/>
  <testcase classname="assertion.HomePageVerificationUsingHardAssert" name="logohomePageTest" time="31.634"/>
</testsuite> <!-- assertion.HomePageVerificationUsingHardAssert -->
