<?xml version="1.0" encoding="UTF-8"?>
<!-- Generated by org.testng.reporters.JUnitReportReporter -->
<testsuite hostname="DESKTOP-V2FCM4D" failures="0" tests="2" name="learning.SampleTestNg" time="0.011" errors="0" timestamp="2026-09-09T15:48:38 IST" skipped="0">
  <testcase classname="learning.SampleTestNg" name="createcontactwithMobilenumtest1" time="0.004"/>
  <testcase classname="learning.SampleTestNg" name="createcontactTest" time="0.007"/>
</testsuite> <!-- learning.SampleTestNg -->
