<?xml version="1.0" encoding="UTF-8"?>
<!-- Generated by org.testng.reporters.JUnitReportReporter -->
<testsuite hostname="DESKTOP-V2FCM4D" failures="0" tests="2" name="testNg_contact.CreateContactTest" time="127.235" errors="0" timestamp="2026-09-10T14:52:59 IST" skipped="0">
  <testcase classname="testNg_contact.CreateContactTest" name="createContactTest" time="78.948"/>
  <testcase classname="testNg_contact.CreateContactTest" name="createContactTest" time="48.287"/>
</testsuite> <!-- testNg_contact.CreateContactTest -->
