<?xml version="1.0" encoding="UTF-8"?>
<!-- Generated by org.testng.reporters.JUnitReportReporter -->
<testsuite hostname="DESKTOP-V2FCM4D" failures="0" tests="6" name="learning.InvocationCountTest" time="0.039" errors="0" timestamp="2026-09-07T14:53:51 IST" skipped="0">
  <testcase classname="learning.InvocationCountTest" name="createcontactTest" time="0.016"/>
  <testcase classname="learning.InvocationCountTest" name="createcontactTest" time="0.003"/>
  <testcase classname="learning.InvocationCountTest" name="createcontactTest" time="0.007"/>
  <testcase classname="learning.InvocationCountTest" name="createcontactTest" time="0.006"/>
  <testcase classname="learning.InvocationCountTest" name="createcontactTest" time="0.003"/>
  <testcase classname="learning.InvocationCountTest" name="createcontactwithMobilenumtest1" time="0.004"/>
</testsuite> <!-- learning.InvocationCountTest -->
