<?xml version="1.0" encoding="UTF-8"?>
<!-- Generated by org.testng.reporters.JUnitReportReporter -->
<testsuite hostname="DESKTOP-V2FCM4D" failures="0" tests="3" name="learning.DataProvider_CreateContact" time="0.019" errors="0" timestamp="2026-09-07T15:29:06 IST" skipped="0">
  <testcase classname="learning.DataProvider_CreateContact" name="createContactTest" time="0.003"/>
  <testcase classname="learning.DataProvider_CreateContact" name="createContactTest" time="0.010"/>
  <testcase classname="learning.DataProvider_CreateContact" name="createContactTest" time="0.006"/>
</testsuite> <!-- learning.DataProvider_CreateContact -->
