<?xml version="1.0" encoding="UTF-8"?>
<!-- Generated by org.testng.reporters.JUnitReportReporter -->
<testsuite hostname="DESKTOP-V2FCM4D" failures="0" tests="2" name="assertion.HomePAgeVerification" time="68.682" errors="0" timestamp="2026-09-09T12:29:02 IST" skipped="0">
  <testcase classname="assertion.HomePAgeVerification" name="homePageTest" time="49.287"/>
  <testcase classname="assertion.HomePAgeVerification" name="logohomePageTest" time="19.395"/>
</testsuite> <!-- assertion.HomePAgeVerification -->
