<?xml version="1.0" encoding="UTF-8"?>
<!-- Generated by org.testng.reporters.JUnitReportReporter -->
<testsuite hostname="DESKTOP-V2FCM4D" failures="0" tests="3" name="learning.DataProvider_CreateContact2" time="0.032" errors="0" timestamp="2026-09-07T15:33:33 IST" skipped="0">
  <testcase classname="learning.DataProvider_CreateContact2" name="createContactTest" time="0.003"/>
  <testcase classname="learning.DataProvider_CreateContact2" name="createContactTest" time="0.020"/>
  <testcase classname="learning.DataProvider_CreateContact2" name="createContactTest" time="0.009"/>
</testsuite> <!-- learning.DataProvider_CreateContact2 -->
