<?xml version="1.0" encoding="UTF-8"?>
<!-- Generated by org.testng.reporters.JUnitReportReporter -->
<testsuite hostname="DESKTOP-V2FCM4D" failures="0" tests="2" name="testNg_org.CreateOrgTest" time="-1789031680.000" errors="1" timestamp="2026-09-10T14:45:43 IST" skipped="1">
  <testcase classname="testNg_org.CreateOrgTest" name="CreateOrgTest" time="0.000">
    <skipped/>
  </testcase> <!-- CreateOrgTest -->
  <testcase classname="testNg_org.CreateOrgTest" name="ConfigureBc" time="-1789031680.000">
    <error message="
Parameter &#039;Browser&#039; is required by BeforeClass on method ConfigureBc but has not been marked @Optional or defined
in C:\Users\lenovo\eclipse-workspace\vigu\AdvanceSelenium\suiteCrossBrowsertestng.xml" type="org.testng.TestNGException">
      <![CDATA[org.testng.TestNGException: 
Parameter 'Browser' is required by BeforeClass on method ConfigureBc but has not been marked @Optional or defined
in C:\Users\lenovo\eclipse-workspace\vigu\AdvanceSelenium\suiteCrossBrowsertestng.xml
at org.testng.internal.Parameters.createParams(Parameters.java:264)
at org.testng.internal.Parameters.createParametersForMethod(Parameters.java:352)
at org.testng.internal.Parameters.createParameters(Parameters.java:690)
at org.testng.internal.Parameters.createConfigurationParameters(Parameters.java:163)
at org.testng.internal.invokers.ConfigInvoker.invokeConfigurations(ConfigInvoker.java:313)
at org.testng.internal.invokers.TestMethodWorker.invokeBeforeClassMethods(TestMethodWorker.java:188)
at org.testng.internal.invokers.TestMethodWorker.run(TestMethodWorker.java:128)
at java.base/java.util.ArrayList.forEach(ArrayList.java:1511)
at org.testng.TestRunner.privateRun(TestRunner.java:741)
at org.testng.TestRunner.run(TestRunner.java:616)
at org.testng.SuiteRunner.runTest(SuiteRunner.java:421)
at org.testng.SuiteRunner$SuiteWorker.run(SuiteRunner.java:463)
at org.testng.internal.thread.ThreadUtil.lambda$execute$0(ThreadUtil.java:64)
at java.base/java.util.concurrent.FutureTask.run(FutureTask.java:264)
at java.base/java.util.concurrent.ThreadPoolExecutor.runWorker(ThreadPoolExecutor.java:1136)
at java.base/java.util.concurrent.ThreadPoolExecutor$Worker.run(ThreadPoolExecutor.java:635)
at java.base/java.lang.Thread.run(Thread.java:842)
]]>
    </error>
  </testcase> <!-- ConfigureBc -->
</testsuite> <!-- testNg_org.CreateOrgTest -->
